info @storybook/react v6.5.13
info 
info => Cleaning outputDir: /var/folders/tc/y0p3nx6d77lb3bq3klk1xktc0000gn/T/chromatic--6039-y8kUqL01LbpP
(node:6064) DeprecationWarning: --static-dir CLI flag is deprecated, see:

https://github.com/storybookjs/storybook/blob/next/MIGRATION.md#deprecated---static-dir-cli-flag
(Use `node --trace-deprecation ...` to show where the warning was created)
info => Loading presets
info => Copying static files: ./public => ./
info => Compiling manager..
info => Compiling preview..
info Addon-docs: using MDX1
info => Loading Webpack configuration from `node_modules/react-scripts`
info => Removing existing JavaScript and TypeScript rules.
info => Modifying Create React App rules.
info => Using default Webpack5 setup
<s> [webpack.Progress] 0% 

<s> [webpack.Progress] 1% setup before run
<s> [webpack.Progress] 1% setup before run NodeEnvironmentPlugin
<s> [webpack.Progress] 1% setup before run
<s> [webpack.Progress] 2% setup run
<s> [webpack.Progress] 2% setup run ForkTsCheckerWebpackPlugin
<s> [webpack.Progress] 2% setup run ESLintWebpackPlugin_1
<s> [webpack.Progress] 2% setup run
<s> [webpack.Progress] 4% setup normal module factory
<s> [webpack.Progress] 4% setup normal module factory CaseSensitivePathsPlugin
<s> [webpack.Progress] 4% setup normal module factory ModuleNotFoundPlugin
<s> [webpack.Progress] 4% setup normal module factory IgnorePlugin
<s> [webpack.Progress] 4% setup normal module factory IgnorePlugin
<s> [webpack.Progress] 4% setup normal module factory
<s> [webpack.Progress] 5% setup context module factory
<s> [webpack.Progress] 5% setup context module factory IgnorePlugin
<s> [webpack.Progress] 5% setup context module factory IgnorePlugin
<s> [webpack.Progress] 5% setup context module factory
<s> [webpack.Progress] 6% setup before compile
<s> [webpack.Progress] 6% setup before compile ProgressPlugin
<s> [webpack.Progress] 6% setup before compile
<s> [webpack.Progress] 7% setup compile
<s> [webpack.Progress] 7% setup compile ExternalsPlugin
<s> [webpack.Progress] 7% setup compile
<s> [webpack.Progress] 8% setup compilation
<s> [webpack.Progress] 8% setup compilation mini-css-extract-plugin
<s> [webpack.Progress] 8% setup compilation ArrayPushCallbackChunkFormatPlugin
<s> [webpack.Progress] 8% setup compilation JsonpChunkLoadingPlugin
<s> [webpack.Progress] 8% setup compilation StartupChunkDependenciesPlugin
<s> [webpack.Progress] 8% setup compilation ImportScriptsChunkLoadingPlugin
<s> [webpack.Progress] 8% setup compilation FetchCompileWasmPlugin
<s> [webpack.Progress] 8% setup compilation FetchCompileAsyncWasmPlugin
<s> [webpack.Progress] 8% setup compilation WorkerPlugin
<s> [webpack.Progress] 8% setup compilation SplitChunksPlugin
<s> [webpack.Progress] 8% setup compilation RuntimeChunkPlugin
<s> [webpack.Progress] 8% setup compilation ResolverCachePlugin
<s> [webpack.Progress] 8% setup compilation HtmlWebpackPlugin
<s> [webpack.Progress] 8% setup compilation
<s> [webpack.Progress] 9% setup compilation
<s> [webpack.Progress] 9% setup compilation DefinePlugin
<s> [webpack.Progress] 9% setup compilation ProvidePlugin
<s> [webpack.Progress] 9% setup compilation ProgressPlugin
<s> [webpack.Progress] 9% setup compilation InlineChunkHtmlPlugin
<s> [webpack.Progress] 9% setup compilation InterpolateHtmlPlugin
<s> [webpack.Progress] 9% setup compilation mini-css-extract-plugin
<s> [webpack.Progress] 9% setup compilation ForkTsCheckerWebpackPlugin
<s> [webpack.Progress] 9% setup compilation DocGenPlugin
<s> [webpack.Progress] 9% setup compilation ChunkPrefetchPreloadPlugin
<s> [webpack.Progress] 9% setup compilation SourceMapDevToolPlugin
<s> [webpack.Progress] 9% setup compilation JavascriptModulesPlugin
<s> [webpack.Progress] 9% setup compilation JsonModulesPlugin
<s> [webpack.Progress] 9% setup compilation AssetModulesPlugin
<s> [webpack.Progress] 9% setup compilation EntryPlugin
<s> [webpack.Progress] 9% setup compilation EntryPlugin
<s> [webpack.Progress] 9% setup compilation EntryPlugin
<s> [webpack.Progress] 9% setup compilation EntryPlugin
<s> [webpack.Progress] 9% setup compilation EntryPlugin
<s> [webpack.Progress] 9% setup compilation EntryPlugin
<s> [webpack.Progress] 9% setup compilation EntryPlugin
<s> [webpack.Progress] 9% setup compilation EntryPlugin
<s> [webpack.Progress] 9% setup compilation EntryPlugin
<s> [webpack.Progress] 9% setup compilation EntryPlugin
<s> [webpack.Progress] 9% setup compilation EntryPlugin
<s> [webpack.Progress] 9% setup compilation EntryPlugin
<s> [webpack.Progress] 9% setup compilation EntryPlugin
<s> [webpack.Progress] 9% setup compilation EntryPlugin
<s> [webpack.Progress] 9% setup compilation RuntimePlugin
<s> [webpack.Progress] 9% setup compilation InferAsyncModulesPlugin
<s> [webpack.Progress] 9% setup compilation DataUriPlugin
<s> [webpack.Progress] 9% setup compilation FileUriPlugin
<s> [webpack.Progress] 9% setup compilation CompatibilityPlugin
<s> [webpack.Progress] 9% setup compilation HarmonyModulesPlugin
<s> [webpack.Progress] 9% setup compilation AMDPlugin
<s> [webpack.Progress] 9% setup compilation RequireJsStuffPlugin
<s> [webpack.Progress] 9% setup compilation CommonJsPlugin
<s> [webpack.Progress] 9% setup compilation LoaderPlugin
<s> [webpack.Progress] 9% setup compilation LoaderPlugin
<s> [webpack.Progress] 9% setup compilation NodeStuffPlugin
<s> [webpack.Progress] 9% setup compilation APIPlugin
<s> [webpack.Progress] 9% setup compilation ExportsInfoApiPlugin
<s> [webpack.Progress] 9% setup compilation WebpackIsIncludedPlugin
<s> [webpack.Progress] 9% setup compilation ConstPlugin
<s> [webpack.Progress] 9% setup compilation UseStrictPlugin
<s> [webpack.Progress] 9% setup compilation RequireIncludePlugin
<s> [webpack.Progress] 9% setup compilation RequireEnsurePlugin
<s> [webpack.Progress] 9% setup compilation RequireContextPlugin
<s> [webpack.Progress] 9% setup compilation ImportPlugin
<s> [webpack.Progress] 9% setup compilation RequireContextPlugin
<s> [webpack.Progress] 9% setup compilation SystemPlugin
<s> [webpack.Progress] 9% setup compilation ImportMetaPlugin
<s> [webpack.Progress] 9% setup compilation URLPlugin
<s> [webpack.Progress] 9% setup compilation DefaultStatsFactoryPlugin
<s> [webpack.Progress] 9% setup compilation DefaultStatsPresetPlugin
<s> [webpack.Progress] 9% setup compilation DefaultStatsPrinterPlugin
<s> [webpack.Progress] 9% setup compilation JavascriptMetaInfoPlugin
<s> [webpack.Progress] 9% setup compilation EnsureChunkConditionsPlugin
<s> [webpack.Progress] 9% setup compilation RemoveEmptyChunksPlugin
<s> [webpack.Progress] 9% setup compilation MergeDuplicateChunksPlugin
<s> [webpack.Progress] 9% setup compilation FlagIncludedChunksPlugin
<s> [webpack.Progress] 9% setup compilation SideEffectsFlagPlugin
<s> [webpack.Progress] 9% setup compilation FlagDependencyExportsPlugin
<s> [webpack.Progress] 9% setup compilation FlagDependencyUsagePlugin
<s> [webpack.Progress] 9% setup compilation InnerGraphPlugin
<s> [webpack.Progress] 9% setup compilation MangleExportsPlugin
<s> [webpack.Progress] 9% setup compilation ModuleConcatenationPlugin
<s> [webpack.Progress] 9% setup compilation NoEmitOnErrorsPlugin
<s> [webpack.Progress] 9% setup compilation RealContentHashPlugin
<s> [webpack.Progress] 9% setup compilation WasmFinalizeExportsPlugin
<s> [webpack.Progress] 9% setup compilation NamedModuleIdsPlugin
<s> [webpack.Progress] 9% setup compilation DeterministicChunkIdsPlugin
<s> [webpack.Progress] 9% setup compilation DefinePlugin
<s> [webpack.Progress] 9% setup compilation TerserPlugin
<s> [webpack.Progress] 9% setup compilation TemplatedPathPlugin
<s> [webpack.Progress] 9% setup compilation RecordIdsPlugin
<s> [webpack.Progress] 9% setup compilation WarnCaseSensitiveModulesPlugin
<s> [webpack.Progress] 9% setup compilation IgnoreWarningsPlugin
<s> [webpack.Progress] 9% setup compilation ESLintWebpackPlugin_1
<s> [webpack.Progress] 9% setup compilation
<s> [webpack.Progress] 10% building
<s> [webpack.Progress] 10% building 0/1 entries 0/0 dependencies 0/0 modules
<s> [webpack.Progress] 10% building import loader ./node_modules/react-scripts/node_modules/babel-loader/lib/index.js
<s> [webpack.Progress] 10% building import loader ./node_modules/react-scripts/node_modules/source-map-loader/dist/cjs.js
<s> [webpack.Progress] 10% building 0/14 entries 13/33 dependencies 0/12 modules
Browserslist: caniuse-lite is outdated. Please run:
  npx browserslist@latest --update-db
  Why you should do it regularly: https://github.com/browserslist/browserslist#browsers-data-updating
<s> [webpack.Progress] 10% building 0/14 entries 14/50 dependencies 0/12 modules
<s> [webpack.Progress] 10% building import loader ./node_modules/babel-loader/lib/index.js
<s> [webpack.Progress] 10% building import loader ./node_modules/@storybook/mdx1-csf/loader.js
<s> [webpack.Progress] 10% building 0/14 entries 28/64 dependencies 0/25 modules
<s> [webpack.Progress] 10% building import loader ./node_modules/@storybook/source-loader/dist/cjs/index.js
<s> [webpack.Progress] 10% building 0/14 entries 44/71 dependencies 0/41 modules
<s> [webpack.Progress] 10% building 0/14 entries 49/72 dependencies 0/45 modules
<s> [webpack.Progress] 10% building import loader ./node_modules/@svgr/webpack/lib/index.js
<s> [webpack.Progress] 10% building import loader ./node_modules/react-scripts/node_modules/file-loader/dist/cjs.js
<s> [webpack.Progress] 10% building 0/14 entries 213/305 dependencies 4/121 modules
<s> [webpack.Progress] 13% building 1/14 entries 248/425 dependencies 9/135 modules
<s> [webpack.Progress] 99% cache begin idle
<s> [webpack.Progress] 99% cache begin idle
<s> [webpack.Progress] 100% 

ERR! => Failed to build the preview
ERR! Module not found: Error: Cannot find file: 'SuperCheckbox.module.css' does not match the corresponding name on disk: './src/components/checkBox/SuperCheckBox.module.css'.
<s> [webpack.Progress] 99% cache shutdown
<s> [webpack.Progress] 99% cache shutdown
<s> [webpack.Progress] 100% 

<s> [webpack.Progress] 17% building 2/14 entries 248/425 dependencies 15/135 modules
<s> [webpack.Progress] 21% building 3/14 entries 344/425 dependencies 16/135 modules
<s> [webpack.Progress] 25% building 4/14 entries 344/425 dependencies 18/135 modules
<s> [webpack.Progress] 29% building 5/14 entries 344/425 dependencies 19/135 modules
<s> [webpack.Progress] 33% building 6/14 entries 344/425 dependencies 20/135 modules
<s> [webpack.Progress] 37% building 7/14 entries 344/425 dependencies 21/135 modules
<s> [webpack.Progress] 41% building 8/14 entries 344/425 dependencies 22/135 modules
<s> [webpack.Progress] 45% building 9/14 entries 344/425 dependencies 23/135 modules
<s> [webpack.Progress] 49% building 10/14 entries 344/425 dependencies 24/135 modules
<s> [webpack.Progress] 53% building 11/14 entries 344/425 dependencies 25/135 modules
<s> [webpack.Progress] 54% building 12/14 entries 344/425 dependencies 26/135 modules
<s> [webpack.Progress] 54% building 13/14 entries 344/425 dependencies 78/135 modules
<s> [webpack.Progress] 61% building 14/14 entries 398/425 dependencies 85/149 modules
info => Manager built (11 s)
ERR! ModuleNotFoundError: Module not found: Error: Cannot find file: 'SuperCheckbox.module.css' does not match the corresponding name on disk: './src/components/checkBox/SuperCheckBox.module.css'.
ERR!     at /Users/varvara/it-incubator/my-storybook/node_modules/@storybook/builder-webpack5/node_modules/webpack/lib/Compilation.js:2016:28
ERR!     at /Users/varvara/it-incubator/my-storybook/node_modules/@storybook/builder-webpack5/node_modules/webpack/lib/NormalModuleFactory.js:798:13
ERR!     at eval (eval at create (/Users/varvara/it-incubator/my-storybook/node_modules/@storybook/builder-webpack5/node_modules/tapable/lib/HookCodeFactory.js:33:10), <anonymous>:10:1)
ERR!     at /Users/varvara/it-incubator/my-storybook/node_modules/@storybook/builder-webpack5/node_modules/webpack/lib/NormalModuleFactory.js:285:23
ERR!     at eval (eval at create (/Users/varvara/it-incubator/my-storybook/node_modules/@storybook/builder-webpack5/node_modules/tapable/lib/HookCodeFactory.js:33:10), <anonymous>:11:1)
ERR!     at /Users/varvara/it-incubator/my-storybook/node_modules/react-dev-utils/ModuleNotFoundPlugin.js:134:17
ERR!     at /Users/varvara/it-incubator/my-storybook/node_modules/case-sensitive-paths-webpack-plugin/index.js:169:11
ERR!     at /Users/varvara/it-incubator/my-storybook/node_modules/case-sensitive-paths-webpack-plugin/index.js:113:7
ERR!     at CaseSensitivePathsPlugin.getFilenamesInDir (/Users/varvara/it-incubator/my-storybook/node_modules/case-sensitive-paths-webpack-plugin/index.js:52:5)
ERR!     at CaseSensitivePathsPlugin.fileExistsWithCase (/Users/varvara/it-incubator/my-storybook/node_modules/case-sensitive-paths-webpack-plugin/index.js:101:8)
ERR!     at checkFile (/Users/varvara/it-incubator/my-storybook/node_modules/case-sensitive-paths-webpack-plugin/index.js:162:10)
ERR!     at /Users/varvara/it-incubator/my-storybook/node_modules/case-sensitive-paths-webpack-plugin/index.js:196:7
ERR!     at CaseSensitivePathsPlugin.primeCache (/Users/varvara/it-incubator/my-storybook/node_modules/case-sensitive-paths-webpack-plugin/index.js:132:5)
ERR!     at Object.onAfterResolve [as fn] (/Users/varvara/it-incubator/my-storybook/node_modules/case-sensitive-paths-webpack-plugin/index.js:191:10)
ERR!     at fn (/Users/varvara/it-incubator/my-storybook/node_modules/react-dev-utils/ModuleNotFoundPlugin.js:126:19)
ERR!     at Hook.eval [as callAsync] (eval at create (/Users/varvara/it-incubator/my-storybook/node_modules/@storybook/builder-webpack5/node_modules/tapable/lib/HookCodeFactory.js:33:10), <anonymous>:9:1)
ERR!     at /Users/varvara/it-incubator/my-storybook/node_modules/@storybook/builder-webpack5/node_modules/webpack/lib/NormalModuleFactory.js:284:30
ERR!     at eval (eval at create (/Users/varvara/it-incubator/my-storybook/node_modules/@storybook/builder-webpack5/node_modules/tapable/lib/HookCodeFactory.js:33:10), <anonymous>:15:1)
ERR!     at /Users/varvara/it-incubator/my-storybook/node_modules/@storybook/builder-webpack5/node_modules/webpack/lib/NormalModuleFactory.js:591:7
ERR!     at /Users/varvara/it-incubator/my-storybook/node_modules/@storybook/builder-webpack5/node_modules/webpack/lib/NormalModuleFactory.js:116:11
ERR!     at /Users/varvara/it-incubator/my-storybook/node_modules/@storybook/builder-webpack5/node_modules/webpack/lib/NormalModuleFactory.js:612:8
ERR!     at done (/Users/varvara/it-incubator/my-storybook/node_modules/neo-async/async.js:2931:13)
ERR!     at /Users/varvara/it-incubator/my-storybook/node_modules/@storybook/builder-webpack5/node_modules/webpack/lib/NormalModuleFactory.js:1034:14
ERR!     at finishResolved (/Users/varvara/it-incubator/my-storybook/node_modules/enhanced-resolve/lib/Resolver.js:294:11)
ERR!     at /Users/varvara/it-incubator/my-storybook/node_modules/enhanced-resolve/lib/Resolver.js:362:25
ERR!     at /Users/varvara/it-incubator/my-storybook/node_modules/enhanced-resolve/lib/Resolver.js:434:24
ERR!     at eval (eval at create (/Users/varvara/it-incubator/my-storybook/node_modules/enhanced-resolve/node_modules/tapable/lib/HookCodeFactory.js:33:10), <anonymous>:12:1)
ERR!     at /Users/varvara/it-incubator/my-storybook/node_modules/enhanced-resolve/lib/Resolver.js:434:24
ERR!     at eval (eval at create (/Users/varvara/it-incubator/my-storybook/node_modules/enhanced-resolve/node_modules/tapable/lib/HookCodeFactory.js:33:10), <anonymous>:27:1)
ERR!     at /Users/varvara/it-incubator/my-storybook/node_modules/enhanced-resolve/lib/DescriptionFilePlugin.js:88:10
ERR!     at /Users/varvara/it-incubator/my-storybook/node_modules/enhanced-resolve/lib/Resolver.js:434:24
ERR!     at eval (eval at create (/Users/varvara/it-incubator/my-storybook/node_modules/enhanced-resolve/node_modules/tapable/lib/HookCodeFactory.js:33:10), <anonymous>:12:1)
ERR!     at /Users/varvara/it-incubator/my-storybook/node_modules/enhanced-resolve/lib/Resolver.js:434:24
ERR!     at eval (eval at create (/Users/varvara/it-incubator/my-storybook/node_modules/enhanced-resolve/node_modules/tapable/lib/HookCodeFactory.js:33:10), <anonymous>:12:1)
ERR!     at /Users/varvara/it-incubator/my-storybook/node_modules/enhanced-resolve/lib/Resolver.js:434:24
ERR!     at eval (eval at create (/Users/varvara/it-incubator/my-storybook/node_modules/enhanced-resolve/node_modules/tapable/lib/HookCodeFactory.js:33:10), <anonymous>:13:1)
ERR!     at /Users/varvara/it-incubator/my-storybook/node_modules/enhanced-resolve/lib/Resolver.js:434:24
ERR!     at eval (eval at create (/Users/varvara/it-incubator/my-storybook/node_modules/enhanced-resolve/node_modules/tapable/lib/HookCodeFactory.js:33:10), <anonymous>:27:1)
ERR!     at /Users/varvara/it-incubator/my-storybook/node_modules/enhanced-resolve/lib/DescriptionFilePlugin.js:88:10
ERR!     at /Users/varvara/it-incubator/my-storybook/node_modules/enhanced-resolve/lib/Resolver.js:434:24
ERR!     at eval (eval at create (/Users/varvara/it-incubator/my-storybook/node_modules/enhanced-resolve/node_modules/tapable/lib/HookCodeFactory.js:33:10), <anonymous>:27:1)
ERR!     at /Users/varvara/it-incubator/my-storybook/node_modules/enhanced-resolve/lib/Resolver.js:434:24
ERR!     at eval (eval at create (/Users/varvara/it-incubator/my-storybook/node_modules/enhanced-resolve/node_modules/tapable/lib/HookCodeFactory.js:33:10), <anonymous>:28:1)
ERR!     at /Users/varvara/it-incubator/my-storybook/node_modules/enhanced-resolve/lib/Resolver.js:434:24
ERR!     at eval (eval at create (/Users/varvara/it-incubator/my-storybook/node_modules/enhanced-resolve/node_modules/tapable/lib/HookCodeFactory.js:33:10), <anonymous>:12:1)
ERR!     at /Users/varvara/it-incubator/my-storybook/node_modules/enhanced-resolve/lib/Resolver.js:434:24
ERR!     at eval (eval at create (/Users/varvara/it-incubator/my-storybook/node_modules/enhanced-resolve/node_modules/tapable/lib/HookCodeFactory.js:33:10), <anonymous>:12:1)
ERR!     at /Users/varvara/it-incubator/my-storybook/node_modules/enhanced-resolve/lib/Resolver.js:434:24
ERR!     at eval (eval at create (/Users/varvara/it-incubator/my-storybook/node_modules/enhanced-resolve/node_modules/tapable/lib/HookCodeFactory.js:33:10), <anonymous>:13:1)
ERR!     at /Users/varvara/it-incubator/my-storybook/node_modules/enhanced-resolve/lib/Resolver.js:434:24
ERR!  ModuleNotFoundError: Module not found: Error: Cannot find file: 'SuperCheckbox.module.css' does not match the corresponding name on disk: './src/components/checkBox/SuperCheckBox.module.css'.
ERR!     at /Users/varvara/it-incubator/my-storybook/node_modules/@storybook/builder-webpack5/node_modules/webpack/lib/Compilation.js:2016:28
ERR!     at /Users/varvara/it-incubator/my-storybook/node_modules/@storybook/builder-webpack5/node_modules/webpack/lib/NormalModuleFactory.js:798:13
ERR!     at eval (eval at create (/Users/varvara/it-incubator/my-storybook/node_modules/@storybook/builder-webpack5/node_modules/tapable/lib/HookCodeFactory.js:33:10), <anonymous>:10:1)
ERR!     at /Users/varvara/it-incubator/my-storybook/node_modules/@storybook/builder-webpack5/node_modules/webpack/lib/NormalModuleFactory.js:285:23
ERR!     at eval (eval at create (/Users/varvara/it-incubator/my-storybook/node_modules/@storybook/builder-webpack5/node_modules/tapable/lib/HookCodeFactory.js:33:10), <anonymous>:11:1)
ERR!     at /Users/varvara/it-incubator/my-storybook/node_modules/react-dev-utils/ModuleNotFoundPlugin.js:134:17
ERR!     at /Users/varvara/it-incubator/my-storybook/node_modules/case-sensitive-paths-webpack-plugin/index.js:169:11
ERR!     at /Users/varvara/it-incubator/my-storybook/node_modules/case-sensitive-paths-webpack-plugin/index.js:113:7
ERR!     at CaseSensitivePathsPlugin.getFilenamesInDir (/Users/varvara/it-incubator/my-storybook/node_modules/case-sensitive-paths-webpack-plugin/index.js:52:5)
ERR!     at CaseSensitivePathsPlugin.fileExistsWithCase (/Users/varvara/it-incubator/my-storybook/node_modules/case-sensitive-paths-webpack-plugin/index.js:101:8)
ERR!     at checkFile (/Users/varvara/it-incubator/my-storybook/node_modules/case-sensitive-paths-webpack-plugin/index.js:162:10)
ERR!     at /Users/varvara/it-incubator/my-storybook/node_modules/case-sensitive-paths-webpack-plugin/index.js:196:7
ERR!     at CaseSensitivePathsPlugin.primeCache (/Users/varvara/it-incubator/my-storybook/node_modules/case-sensitive-paths-webpack-plugin/index.js:132:5)
ERR!     at Object.onAfterResolve [as fn] (/Users/varvara/it-incubator/my-storybook/node_modules/case-sensitive-paths-webpack-plugin/index.js:191:10)
ERR!     at fn (/Users/varvara/it-incubator/my-storybook/node_modules/react-dev-utils/ModuleNotFoundPlugin.js:126:19)
ERR!     at Hook.eval [as callAsync] (eval at create (/Users/varvara/it-incubator/my-storybook/node_modules/@storybook/builder-webpack5/node_modules/tapable/lib/HookCodeFactory.js:33:10), <anonymous>:9:1)
ERR!     at /Users/varvara/it-incubator/my-storybook/node_modules/@storybook/builder-webpack5/node_modules/webpack/lib/NormalModuleFactory.js:284:30
ERR!     at eval (eval at create (/Users/varvara/it-incubator/my-storybook/node_modules/@storybook/builder-webpack5/node_modules/tapable/lib/HookCodeFactory.js:33:10), <anonymous>:15:1)
ERR!     at /Users/varvara/it-incubator/my-storybook/node_modules/@storybook/builder-webpack5/node_modules/webpack/lib/NormalModuleFactory.js:591:7
ERR!     at /Users/varvara/it-incubator/my-storybook/node_modules/@storybook/builder-webpack5/node_modules/webpack/lib/NormalModuleFactory.js:116:11
ERR!     at /Users/varvara/it-incubator/my-storybook/node_modules/@storybook/builder-webpack5/node_modules/webpack/lib/NormalModuleFactory.js:612:8
ERR!     at done (/Users/varvara/it-incubator/my-storybook/node_modules/neo-async/async.js:2931:13)
ERR!     at /Users/varvara/it-incubator/my-storybook/node_modules/@storybook/builder-webpack5/node_modules/webpack/lib/NormalModuleFactory.js:1034:14
ERR!     at finishResolved (/Users/varvara/it-incubator/my-storybook/node_modules/enhanced-resolve/lib/Resolver.js:294:11)
ERR!     at /Users/varvara/it-incubator/my-storybook/node_modules/enhanced-resolve/lib/Resolver.js:362:25
ERR!     at /Users/varvara/it-incubator/my-storybook/node_modules/enhanced-resolve/lib/Resolver.js:434:24
ERR!     at eval (eval at create (/Users/varvara/it-incubator/my-storybook/node_modules/enhanced-resolve/node_modules/tapable/lib/HookCodeFactory.js:33:10), <anonymous>:12:1)
ERR!     at /Users/varvara/it-incubator/my-storybook/node_modules/enhanced-resolve/lib/Resolver.js:434:24
ERR!     at eval (eval at create (/Users/varvara/it-incubator/my-storybook/node_modules/enhanced-resolve/node_modules/tapable/lib/HookCodeFactory.js:33:10), <anonymous>:27:1)
ERR!     at /Users/varvara/it-incubator/my-storybook/node_modules/enhanced-resolve/lib/DescriptionFilePlugin.js:88:10
ERR!     at /Users/varvara/it-incubator/my-storybook/node_modules/enhanced-resolve/lib/Resolver.js:434:24
ERR!     at eval (eval at create (/Users/varvara/it-incubator/my-storybook/node_modules/enhanced-resolve/node_modules/tapable/lib/HookCodeFactory.js:33:10), <anonymous>:12:1)
ERR!     at /Users/varvara/it-incubator/my-storybook/node_modules/enhanced-resolve/lib/Resolver.js:434:24
ERR!     at eval (eval at create (/Users/varvara/it-incubator/my-storybook/node_modules/enhanced-resolve/node_modules/tapable/lib/HookCodeFactory.js:33:10), <anonymous>:12:1)
ERR!     at /Users/varvara/it-incubator/my-storybook/node_modules/enhanced-resolve/lib/Resolver.js:434:24
ERR!     at eval (eval at create (/Users/varvara/it-incubator/my-storybook/node_modules/enhanced-resolve/node_modules/tapable/lib/HookCodeFactory.js:33:10), <anonymous>:13:1)
ERR!     at /Users/varvara/it-incubator/my-storybook/node_modules/enhanced-resolve/lib/Resolver.js:434:24
ERR!     at eval (eval at create (/Users/varvara/it-incubator/my-storybook/node_modules/enhanced-resolve/node_modules/tapable/lib/HookCodeFactory.js:33:10), <anonymous>:27:1)
ERR!     at /Users/varvara/it-incubator/my-storybook/node_modules/enhanced-resolve/lib/DescriptionFilePlugin.js:88:10
ERR!     at /Users/varvara/it-incubator/my-storybook/node_modules/enhanced-resolve/lib/Resolver.js:434:24
ERR!     at eval (eval at create (/Users/varvara/it-incubator/my-storybook/node_modules/enhanced-resolve/node_modules/tapable/lib/HookCodeFactory.js:33:10), <anonymous>:27:1)
ERR!     at /Users/varvara/it-incubator/my-storybook/node_modules/enhanced-resolve/lib/Resolver.js:434:24
ERR!     at eval (eval at create (/Users/varvara/it-incubator/my-storybook/node_modules/enhanced-resolve/node_modules/tapable/lib/HookCodeFactory.js:33:10), <anonymous>:28:1)
ERR!     at /Users/varvara/it-incubator/my-storybook/node_modules/enhanced-resolve/lib/Resolver.js:434:24
ERR!     at eval (eval at create (/Users/varvara/it-incubator/my-storybook/node_modules/enhanced-resolve/node_modules/tapable/lib/HookCodeFactory.js:33:10), <anonymous>:12:1)
ERR!     at /Users/varvara/it-incubator/my-storybook/node_modules/enhanced-resolve/lib/Resolver.js:434:24
ERR!     at eval (eval at create (/Users/varvara/it-incubator/my-storybook/node_modules/enhanced-resolve/node_modules/tapable/lib/HookCodeFactory.js:33:10), <anonymous>:12:1)
ERR!     at /Users/varvara/it-incubator/my-storybook/node_modules/enhanced-resolve/lib/Resolver.js:434:24
ERR!     at eval (eval at create (/Users/varvara/it-incubator/my-storybook/node_modules/enhanced-resolve/node_modules/tapable/lib/HookCodeFactory.js:33:10), <anonymous>:13:1)
ERR!     at /Users/varvara/it-incubator/my-storybook/node_modules/enhanced-resolve/lib/Resolver.js:434:24
info => Loading presets
